svrctrl.exe module_load event E:\Develop\DynamoRIO-Windows-4.1.0-8\svrctrl.exe svrctrl.exe svrctrl.exe <NULL> <NULL> 0x00fd0000-0x01027000
svrctrl.exe module_load event E:\Develop\DynamoRIO-Windows-4.1.0-8\samples\make2\dynamorio\lib32\release\dynamorio.dll dynamorio.dll <NULL> dynamorio.dll dynamorio.dll 0x51a40000-0x51b7c000
svrctrl.exe module_load event E:\Develop\DynamoRIO-Windows-4.1.0-8\samples\make2\bin\release\taintchecklib.dll taintchecklib.dll <NULL> taintchecklib.dll <NULL> 0x67500000-0x6753b000
svrctrl.exe module_load event C:\Windows\system32\KERNELBASE.dll KERNELBASE.dll <NULL> KERNELBASE.dll Kernelbase 0x74f90000-0x74fdb000
whitelist module KERNELBASE.dll
svrctrl.exe module_load event C:\Windows\system32\USER32.dll USER32.dll <NULL> USER32.dll user32 0x74fe0000-0x750a9000
whitelist module USER32.dll
svrctrl.exe module_load event C:\Windows\system32\MSCTF.dll MSCTF.dll <NULL> MSCTF.dll MSCTF.DLL 0x752b0000-0x7537c000
whitelist module MSCTF.dll
svrctrl.exe module_load event C:\Windows\system32\USP10.dll USP10.dll <NULL> USP10.dll Uniscribe 0x75570000-0x7560d000
whitelist module USP10.dll
svrctrl.exe module_load event C:\Windows\system32\LPK.dll LPK.dll <NULL> LPK.dll LanguagePack 0x75dc0000-0x75dca000
whitelist module LPK.dll
svrctrl.exe module_load event C:\Windows\system32\GDI32.dll GDI32.dll <NULL> GDI32.dll gdi32 0x75dd0000-0x75e1e000
whitelist module GDI32.dll
svrctrl.exe module_load event C:\Windows\system32\msvcrt.dll msvcrt.dll <NULL> msvcrt.dll msvcrt.dll 0x76a70000-0x76b1c000
whitelist module msvcrt.dll
svrctrl.exe module_load event C:\Windows\system32\IMM32.DLL IMM32.DLL <NULL> IMM32.dll imm32 0x76d80000-0x76d9f000
whitelist module IMM32.dll
svrctrl.exe module_load event C:\Windows\system32\kernel32.dll kernel32.dll <NULL> KERNEL32.dll kernel32 0x76e00000-0x76ed4000
whitelist module KERNEL32.dll
svrctrl.exe module_load event C:\Windows\SYSTEM32\ntdll.dll ntdll.dll <NULL> ntdll.dll ntdll.dll 0x76ee0000-0x7701c000
whitelist module ntdll.dll
svrctrl.exe module_load event C:\Windows\System32\ws2_32.dll ws2_32.dll <NULL> WS2_32.dll ws2_32.dll 0x76b20000-0x76b55000
whitelist module WS2_32.dll
svrctrl.exe module_load event C:\Windows\System32\rpcrt4.dll rpcrt4.dll <NULL> RPCRT4.dll rpcrt4.dll 0x75610000-0x756b2000
whitelist module RPCRT4.dll
svrctrl.exe module_load event C:\Windows\System32\nsi.dll nsi.dll <NULL> NSI.dll nsi.dll 0x75c70000-0x75c76000
whitelist module NSI.dll
svrctrl.exe module_load event C:\Windows\System32\mswsock.dll mswsock.dll <NULL> MSWSOCK.dll mswsock.dll 0x74640000-0x7467c000
whitelist module MSWSOCK.dll
svrctrl.exe module_load event C:\Windows\System32\WSHTCPIP.DLL WSHTCPIP.DLL <NULL> WSHTCPIP.dll wshtcpip.dll 0x73ca0000-0x73ca5000
whitelist module WSHTCPIP.dll
svrctrl.exe module_load event C:\Windows\System32\netapi32.dll netapi32.dll <NULL> NETAPI32.dll NetApi32.DLL 0x73fa0000-0x73fb1000
whitelist module NETAPI32.dll
svrctrl.exe module_load event C:\Windows\System32\netutils.dll netutils.dll <NULL> netutils.dll NETUTILS.DLL 0x74400000-0x74409000
svrctrl.exe module_load event C:\Windows\System32\srvcli.dll srvcli.dll <NULL> srvcli.dll SRVCLI.DLL 0x74920000-0x74939000
svrctrl.exe module_load event C:\Windows\System32\wkscli.dll wkscli.dll <NULL> wkscli.dll WKSCLI.DLL 0x73f90000-0x73f9f000
svrctrl.exe module_load event C:\Windows\System32\netbios.dll netbios.dll <NULL> netbios.dll netbios.dll 0x720a0000-0x720a8000
